<?xml version="1.0" encoding="UTF-8"?>
<!-- Generated by org.testng.reporters.JUnitXMLReporter -->
<testsuite ignored="0" hostname="S-PC" failures="0" tests="6" name="ScreenTest" time="89.205" errors="0" timestamp="2022-08-29T00:53:56 IST">
  <testcase classname="seleniumautomation.ScreenNavigation.ScreenNavigateNewTest" name="launchApplication" time="35.225"/>
  <testcase classname="seleniumautomation.ScreenNavigation.ScreenNavigateNewTest" name="navigateToRegisterForm" time="21.059"/>
  <testcase classname="seleniumautomation.ScreenNavigation.ScreenNavigateNewTest" name="navigateToAlertPopup" time="9.591"/>
  <testcase classname="seleniumautomation.ScreenNavigation.ScreenNavigateNewTest" name="navigateToMultiWindow" time="15.489"/>
  <testcase classname="seleniumautomation.ScreenNavigation.ScreenNavigateNewTest" name="navigateToWebTable" time="5.074"/>
  <testcase classname="seleniumautomation.ScreenNavigation.ScreenNavigateNewTest" name="closeApplication" time="2.426"/>
</testsuite> <!-- ScreenTest -->
