<?xml version="1.0" encoding="UTF-8"?>
<testng-results ignored="0" total="6" passed="6" failed="0" skipped="0">
  <reporter-output>
    <line>
      <![CDATA[QA- Automatrion is Selected ]]>
    </line>
    <line>
      <![CDATA[Practice-Automation is Selected ]]>
    </line>
    <line>
      <![CDATA[Register form is Selected ]]>
    </line>
    <line>
      <![CDATA[QA- Automatrion is Selected ]]>
    </line>
    <line>
      <![CDATA[Practice-Automation is Selected ]]>
    </line>
    <line>
      <![CDATA[Alert Pop up is Selected ]]>
    </line>
    <line>
      <![CDATA[QA- Automatrion is Selected ]]>
    </line>
    <line>
      <![CDATA[Practice-Automation is Selected ]]>
    </line>
    <line>
      <![CDATA[Multi Windows is Selected ]]>
    </line>
    <line>
      <![CDATA[QA- Automatrion is Selected ]]>
    </line>
    <line>
      <![CDATA[Practice-Automation is Selected ]]>
    </line>
    <line>
      <![CDATA[Web Table is Selected ]]>
    </line>
  </reporter-output>
  <suite started-at="2022-08-29T00:52:27 IST" name="AutomationSuite" finished-at="2022-08-29T00:53:56 IST" duration-ms="89205">
    <groups>
    </groups>
    <test started-at="2022-08-29T00:52:27 IST" name="ScreenTest" finished-at="2022-08-29T00:53:56 IST" duration-ms="89205">
      <class name="seleniumautomation.ScreenNavigation.ScreenNavigateNewTest">
        <test-method signature="launchApplication()[pri:1, instance:seleniumautomation.ScreenNavigation.ScreenNavigateNewTest@741a8937]" started-at="2022-08-29T00:52:27 IST" name="launchApplication" finished-at="2022-08-29T00:53:02 IST" duration-ms="35225" status="PASS">
          <reporter-output>
          </reporter-output>
        </test-method> <!-- launchApplication -->
        <test-method signature="navigateToRegisterForm()[pri:2, instance:seleniumautomation.ScreenNavigation.ScreenNavigateNewTest@741a8937]" started-at="2022-08-29T00:53:02 IST" name="navigateToRegisterForm" finished-at="2022-08-29T00:53:23 IST" duration-ms="21059" status="PASS">
          <reporter-output>
            <line>
              <![CDATA[QA- Automatrion is Selected ]]>
            </line>
            <line>
              <![CDATA[Practice-Automation is Selected ]]>
            </line>
            <line>
              <![CDATA[Register form is Selected ]]>
            </line>
          </reporter-output>
        </test-method> <!-- navigateToRegisterForm -->
        <test-method signature="navigateToAlertPopup()[pri:3, instance:seleniumautomation.ScreenNavigation.ScreenNavigateNewTest@741a8937]" started-at="2022-08-29T00:53:23 IST" name="navigateToAlertPopup" finished-at="2022-08-29T00:53:33 IST" duration-ms="9591" status="PASS">
          <reporter-output>
            <line>
              <![CDATA[QA- Automatrion is Selected ]]>
            </line>
            <line>
              <![CDATA[Practice-Automation is Selected ]]>
            </line>
            <line>
              <![CDATA[Alert Pop up is Selected ]]>
            </line>
          </reporter-output>
        </test-method> <!-- navigateToAlertPopup -->
        <test-method signature="navigateToMultiWindow()[pri:4, instance:seleniumautomation.ScreenNavigation.ScreenNavigateNewTest@741a8937]" started-at="2022-08-29T00:53:33 IST" name="navigateToMultiWindow" finished-at="2022-08-29T00:53:48 IST" duration-ms="15489" status="PASS">
          <reporter-output>
            <line>
              <![CDATA[QA- Automatrion is Selected ]]>
            </line>
            <line>
              <![CDATA[Practice-Automation is Selected ]]>
            </line>
            <line>
              <![CDATA[Multi Windows is Selected ]]>
            </line>
          </reporter-output>
        </test-method> <!-- navigateToMultiWindow -->
        <test-method signature="navigateToWebTable()[pri:5, instance:seleniumautomation.ScreenNavigation.ScreenNavigateNewTest@741a8937]" started-at="2022-08-29T00:53:48 IST" name="navigateToWebTable" finished-at="2022-08-29T00:53:54 IST" duration-ms="5074" status="PASS">
          <reporter-output>
            <line>
              <![CDATA[QA- Automatrion is Selected ]]>
            </line>
            <line>
              <![CDATA[Practice-Automation is Selected ]]>
            </line>
            <line>
              <![CDATA[Web Table is Selected ]]>
            </line>
          </reporter-output>
        </test-method> <!-- navigateToWebTable -->
        <test-method signature="closeApplication()[pri:6, instance:seleniumautomation.ScreenNavigation.ScreenNavigateNewTest@741a8937]" started-at="2022-08-29T00:53:54 IST" name="closeApplication" finished-at="2022-08-29T00:53:56 IST" duration-ms="2426" status="PASS">
          <reporter-output>
          </reporter-output>
        </test-method> <!-- closeApplication -->
      </class> <!-- seleniumautomation.ScreenNavigation.ScreenNavigateNewTest -->
    </test> <!-- ScreenTest -->
  </suite> <!-- AutomationSuite -->
</testng-results>
